  Disk: 26.0GB free, 102.1GB used
Loaded checkpoint: iter=15, buffer=50000, best_wr=46.7%

==================================================
Iteration 16/200
==================================================
  Self-play: 500 games x 100 sims (replay buffer: 50000)...
  [50/500] 2825 pos
  [100/500] 5592 pos
  [150/500] 8468 pos
  [200/500] 11304 pos
  [250/500] 14036 pos
  [300/500] 16753 pos
  [350/500] 19508 pos
  [400/500] 22296 pos
  [450/500] 25140 pos
  [500/500] 27881 pos
  27881 positions in 88s (0.2s/game)
  Training 10 epochs on 77881 positions...
    Sampled 40000/77881 for training
  ep   1/10  train=3.1748  val=3.1681
  ep   6/10  train=3.1322  val=3.1437
  Saved: models\nnue_mcts_large\nnue_mcts_iter_16.pt (val_loss=3.1294)
  Evaluating vs Random (30 games)...
  Win rate: 40.0%

==================================================
Iteration 17/200
==================================================
  Self-play: 500 games x 100 sims (replay buffer: 77881)...
  [50/500] 2793 pos
  [100/500] 5655 pos
  [150/500] 8433 pos
  [200/500] 11263 pos
  [250/500] 14034 pos
  [300/500] 16883 pos
  [350/500] 19736 pos
  [400/500] 22486 pos
  [450/500] 25303 pos
  [500/500] 28142 pos
  28142 positions in 86s (0.2s/game)
  Training 10 epochs on 106023 positions...
    Sampled 42000/106023 for training
  ep   1/10  train=3.1342  val=3.1156
  ep   6/10  train=3.0876  val=3.0999
  Saved: models\nnue_mcts_large\nnue_mcts_iter_17.pt (val_loss=3.0864)
  Evaluating vs Random (30 games)...
  Win rate: 30.0%

==================================================
Iteration 18/200
==================================================
  Self-play: 500 games x 100 sims (replay buffer: 106023)...
  [50/500] 2821 pos
  [100/500] 5678 pos
  [150/500] 8473 pos
  [200/500] 11257 pos
  [250/500] 14050 pos
  [300/500] 16798 pos
  [350/500] 19584 pos
  [400/500] 22331 pos
  [450/500] 25101 pos
  [500/500] 27969 pos
  27969 positions in 87s (0.2s/game)
  Training 10 epochs on 133992 positions...
    Sampled 44000/133992 for training
  ep   1/10  train=3.0820  val=3.0647
  ep   6/10  train=3.0469  val=3.0493
  Saved: models\nnue_mcts_large\nnue_mcts_iter_18.pt (val_loss=3.0369)
  Evaluating vs Random (30 games)...
  Win rate: 23.3%

==================================================
Iteration 19/200
==================================================
  Self-play: 500 games x 100 sims (replay buffer: 133992)...
  [50/500] 2867 pos
  [100/500] 5676 pos
  [150/500] 8364 pos
  [200/500] 11186 pos
  [250/500] 14001 pos
  [300/500] 16808 pos
  [350/500] 19590 pos
  [400/500] 22373 pos
  [450/500] 25101 pos
  [500/500] 27859 pos
  27859 positions in 81s (0.2s/game)
  Training 10 epochs on 161851 positions...
    Sampled 46000/161851 for training
  ep   1/10  train=3.0308  val=3.0528
